2025-03-10 09:14:58,787 - INFO - Найдено 30 моделей и 30 файлов с метками.
2025-03-10 09:14:58,788 - INFO - Обрабатываю: tooth_segment_reduced_1.obj и tooth_labels1.txt
2025-03-10 09:21:14,876 - INFO - Успешно загружено: 2508787 точек.
2025-03-10 09:21:14,876 - INFO - Обрабатываю: tooth_segment_reduced_10.obj и tooth_labels10.txt
2025-03-10 09:24:26,648 - INFO - Успешно загружено: 1758836 точек.
2025-03-10 09:24:26,648 - INFO - Обрабатываю: tooth_segment_reduced_11.obj и tooth_labels11.txt
2025-03-10 09:28:12,958 - INFO - Успешно загружено: 1941500 точек.
2025-03-10 09:28:12,958 - INFO - Обрабатываю: tooth_segment_reduced_12.obj и tooth_labels12.txt
2025-03-10 09:34:15,390 - INFO - Успешно загружено: 2350913 точек.
2025-03-10 09:34:15,390 - INFO - Обрабатываю: tooth_segment_reduced_13.obj и tooth_labels13.txt
2025-03-10 09:45:38,141 - INFO - Успешно загружено: 3220028 точек.
2025-03-10 09:45:38,141 - INFO - Обрабатываю: tooth_segment_reduced_14.obj и tooth_labels14.txt
2025-03-10 09:51:15,488 - INFO - Успешно загружено: 2283900 точек.
2025-03-10 09:51:15,488 - INFO - Обрабатываю: tooth_segment_reduced_15.obj и tooth_labels15.txt
2025-03-10 09:57:20,609 - INFO - Успешно загружено: 2451363 точек.
2025-03-10 09:57:20,609 - INFO - Обрабатываю: tooth_segment_reduced_16.obj и tooth_labels16.txt
2025-03-10 10:02:47,636 - INFO - Успешно загружено: 2325549 точек.
2025-03-10 10:02:47,636 - INFO - Обрабатываю: tooth_segment_reduced_17.obj и tooth_labels17.txt
2025-03-10 10:06:07,393 - INFO - Успешно загружено: 1807785 точек.
2025-03-10 10:06:07,393 - INFO - Обрабатываю: tooth_segment_reduced_18.obj и tooth_labels18.txt
2025-03-10 10:11:42,327 - INFO - Успешно загружено: 2356150 точек.
2025-03-10 10:11:42,327 - INFO - Обрабатываю: tooth_segment_reduced_19.obj и tooth_labels19.txt
2025-03-10 10:16:09,313 - INFO - Успешно загружено: 2118913 точек.
2025-03-10 10:16:09,313 - INFO - Обрабатываю: tooth_segment_reduced_2.obj и tooth_labels2.txt
2025-03-10 10:25:50,507 - INFO - Успешно загружено: 3034105 точек.
2025-03-10 10:25:50,515 - INFO - Обрабатываю: tooth_segment_reduced_20.obj и tooth_labels20.txt
2025-03-10 10:32:51,976 - INFO - Успешно загружено: 2523863 точек.
2025-03-10 10:32:51,977 - INFO - Обрабатываю: tooth_segment_reduced_21.obj и tooth_labels21.txt
2025-03-10 10:38:54,290 - INFO - Успешно загружено: 2373493 точек.
2025-03-10 10:38:54,290 - INFO - Обрабатываю: tooth_segment_reduced_22.obj и tooth_labels22.txt
2025-03-10 10:45:31,701 - INFO - Успешно загружено: 2520455 точек.
2025-03-10 10:45:31,701 - INFO - Обрабатываю: tooth_segment_reduced_23.obj и tooth_labels23.txt
2025-03-10 10:50:06,888 - INFO - Успешно загружено: 2074862 точек.
2025-03-10 10:50:06,889 - INFO - Обрабатываю: tooth_segment_reduced_24.obj и tooth_labels24.txt
2025-03-10 10:54:43,199 - INFO - Успешно загружено: 2040803 точек.
2025-03-10 10:54:43,200 - INFO - Обрабатываю: tooth_segment_reduced_25.obj и tooth_labels25.txt
2025-03-10 11:08:09,533 - INFO - Успешно загружено: 3668966 точек.
2025-03-10 11:08:09,538 - INFO - Обрабатываю: tooth_segment_reduced_26.obj и tooth_labels26.txt
2025-03-10 11:13:20,055 - INFO - Успешно загружено: 2241358 точек.
2025-03-10 11:13:20,055 - INFO - Обрабатываю: tooth_segment_reduced_27.obj и tooth_labels27.txt
2025-03-10 11:18:08,851 - INFO - Успешно загружено: 2156283 точек.
2025-03-10 11:18:08,852 - INFO - Обрабатываю: tooth_segment_reduced_28.obj и tooth_labels28.txt
2025-03-10 11:23:13,028 - INFO - Успешно загружено: 2238681 точек.
2025-03-10 11:23:13,029 - INFO - Обрабатываю: tooth_segment_reduced_29.obj и tooth_labels29.txt
2025-03-10 11:35:38,982 - INFO - Успешно загружено: 3422340 точек.
2025-03-10 11:35:39,000 - INFO - Обрабатываю: tooth_segment_reduced_3.obj и tooth_labels3.txt
2025-03-10 11:45:02,951 - INFO - Успешно загружено: 3008157 точек.
2025-03-10 11:45:02,951 - INFO - Обрабатываю: tooth_segment_reduced_30.obj и tooth_labels30.txt
2025-03-10 11:49:19,190 - INFO - Успешно загружено: 2028878 точек.
2025-03-10 11:49:19,191 - INFO - Обрабатываю: tooth_segment_reduced_4.obj и tooth_labels4.txt
2025-03-10 11:54:10,711 - INFO - Успешно загружено: 2159213 точек.
2025-03-10 11:54:10,712 - INFO - Обрабатываю: tooth_segment_reduced_5.obj и tooth_labels5.txt
2025-03-10 11:58:58,038 - INFO - Успешно загружено: 2134563 точек.
2025-03-10 11:58:58,038 - INFO - Обрабатываю: tooth_segment_reduced_6.obj и tooth_labels6.txt
2025-03-10 12:02:13,635 - INFO - Успешно загружено: 1758836 точек.
2025-03-10 12:02:13,635 - INFO - Обрабатываю: tooth_segment_reduced_7.obj и tooth_labels7.txt
2025-03-10 12:37:01,902 - INFO - Успешно загружено: 5725728 точек.
2025-03-10 12:37:01,911 - INFO - Обрабатываю: tooth_segment_reduced_8.obj и tooth_labels8.txt
2025-03-10 12:50:41,024 - INFO - Успешно загружено: 3673722 точек.
2025-03-10 12:50:41,024 - INFO - Обрабатываю: tooth_segment_reduced_9.obj и tooth_labels9.txt
2025-03-10 12:56:12,114 - INFO - Успешно загружено: 2318025 точек.
2025-03-10 12:56:23,448 - INFO -  Датасет успешно сохранен в D:\diplom 1 sem\dataset.npz
2025-03-10 12:56:23,449 - INFO - Общее количество точек: 76226055
2025-03-10 12:56:23,450 - INFO -  Время выполнения: 13284.66 секунд.
